LockyBoyGame/build/outputs/logs/manifest-merger-release-report.txt
-- Merging decision tree log ---
manifest
ADDED from src\main\AndroidManifest.xml:2:1-42:12
	package
		ADDED from src\main\AndroidManifest.xml:3:5-36
		INJECTED from src\main\AndroidManifest.xml
		INJECTED from src\main\AndroidManifest.xml
	android:versionName
		ADDED from src\main\AndroidManifest.xml:4:5-30
		INJECTED from src\main\AndroidManifest.xml
		INJECTED from src\main\AndroidManifest.xml
	xmlns:tools
		ADDED from src\main\AndroidManifest.xml:3:37-83
	android:versionCode
		ADDED from src\main\AndroidManifest.xml:5:5-28
		INJECTED from src\main\AndroidManifest.xml
		INJECTED from src\main\AndroidManifest.xml
	xmlns:android
		ADDED from src\main\AndroidManifest.xml:2:11-69
	android:installLocation
		ADDED from src\main\AndroidManifest.xml:6:5-45
supports-screens
ADDED from src\main\AndroidManifest.xml:7:3-163
	android:largeScreens
		ADDED from src\main\AndroidManifest.xml:7:78-105
	android:smallScreens
		ADDED from src\main\AndroidManifest.xml:7:21-48
	android:normalScreens
		ADDED from src\main\AndroidManifest.xml:7:49-77
	android:xlargeScreens
		ADDED from src\main\AndroidManifest.xml:7:106-134
	android:anyDensity
		ADDED from src\main\AndroidManifest.xml:7:135-160
uses-permission#android.permission.WRITE_EXTERNAL_STORAGE
ADDED from src\main\AndroidManifest.xml:9:5-81
	android:name
		ADDED from src\main\AndroidManifest.xml:9:22-78
uses-permission#android.permission.ACCESS_NETWORK_STATE
ADDED from src\main\AndroidManifest.xml:10:5-79
	android:name
		ADDED from src\main\AndroidManifest.xml:10:22-76
uses-permission#android.permission.ACCESS_WIFI_STATE
ADDED from src\main\AndroidManifest.xml:11:5-76
	android:name
		ADDED from src\main\AndroidManifest.xml:11:22-73
uses-permission#android.permission.INTERNET
ADDED from src\main\AndroidManifest.xml:12:5-67
MERGED from [com.efrobot.library.urlconfig:urlconfig:0.0.34] AndroidManifest.xml:11:5-67
MERGED from [com.efrobot.library.urlconfig:urlconfig:0.0.34] AndroidManifest.xml:11:5-67
	android:name
		ADDED from src\main\AndroidManifest.xml:12:22-64
uses-permission#android.permission.READ_PHONE_STATE
ADDED from src\main\AndroidManifest.xml:13:5-75
	android:name
		ADDED from src\main\AndroidManifest.xml:13:22-72
uses-permission#android.permission.GET_TASKS
ADDED from src\main\AndroidManifest.xml:16:3-65
	android:name
		ADDED from src\main\AndroidManifest.xml:16:20-63
uses-permission#android.permission.INTERACT_ACROSS_USERS_FULL
ADDED from src\main\AndroidManifest.xml:17:3-82
	android:name
		ADDED from src\main\AndroidManifest.xml:17:20-80
uses-permission#android.permission.GET_TOP_ACTIVITY_INFO
ADDED from src\main\AndroidManifest.xml:18:3-77
	android:name
		ADDED from src\main\AndroidManifest.xml:18:20-75
uses-permission#android.permission.REORDER_TASKS
ADDED from src\main\AndroidManifest.xml:19:3-69
	android:name
		ADDED from src\main\AndroidManifest.xml:19:20-67
application
ADDED from src\main\AndroidManifest.xml:21:3-35:17
MERGED from [com.android.support:appcompat-v7:25.1.0] AndroidManifest.xml:25:5-20
MERGED from [com.android.support:support-v4:25.1.0] AndroidManifest.xml:25:5-20
MERGED from [com.android.support:support-compat:25.1.0] AndroidManifest.xml:25:5-20
MERGED from [com.android.support:support-media-compat:25.1.0] AndroidManifest.xml:25:5-20
MERGED from [com.android.support:support-compat:25.1.0] AndroidManifest.xml:25:5-20
MERGED from [com.android.support:support-core-utils:25.1.0] AndroidManifest.xml:25:5-20
MERGED from [com.android.support:support-compat:25.1.0] AndroidManifest.xml:25:5-20
MERGED from [com.android.support:support-core-ui:25.1.0] AndroidManifest.xml:25:5-20
MERGED from [com.android.support:support-compat:25.1.0] AndroidManifest.xml:25:5-20
MERGED from [com.android.support:support-fragment:25.1.0] AndroidManifest.xml:25:5-20
MERGED from [com.android.support:support-compat:25.1.0] AndroidManifest.xml:25:5-20
MERGED from [com.android.support:support-media-compat:25.1.0] AndroidManifest.xml:25:5-20
MERGED from [com.android.support:support-compat:25.1.0] AndroidManifest.xml:25:5-20
MERGED from [com.android.support:support-core-ui:25.1.0] AndroidManifest.xml:25:5-20
MERGED from [com.android.support:support-compat:25.1.0] AndroidManifest.xml:25:5-20
MERGED from [com.android.support:support-core-utils:25.1.0] AndroidManifest.xml:25:5-20
MERGED from [com.android.support:support-compat:25.1.0] AndroidManifest.xml:25:5-20
MERGED from [com.android.support:support-vector-drawable:25.1.0] AndroidManifest.xml:23:5-20
MERGED from [com.android.support:support-compat:25.1.0] AndroidManifest.xml:25:5-20
MERGED from [com.android.support:animated-vector-drawable:25.1.0] AndroidManifest.xml:22:5-20
MERGED from [com.android.support:support-vector-drawable:25.1.0] AndroidManifest.xml:23:5-20
MERGED from [com.android.support:support-compat:25.1.0] AndroidManifest.xml:25:5-20
MERGED from [com.efrobot.library:framework:1.0.87] AndroidManifest.xml:11:5-15:19
MERGED from [com.efrobot.library.net:mvpnetlibrary:3.1.1] AndroidManifest.xml:11:5-15:19
MERGED from [com.efrobot.library.mvp:mvplibrary:0.0.17] AndroidManifest.xml:11:5-47
MERGED from [com.android.support:support-v4:25.1.0] AndroidManifest.xml:25:5-20
MERGED from [com.android.support:support-compat:25.1.0] AndroidManifest.xml:25:5-20
MERGED from [com.android.support:support-media-compat:25.1.0] AndroidManifest.xml:25:5-20
MERGED from [com.android.support:support-compat:25.1.0] AndroidManifest.xml:25:5-20
MERGED from [com.android.support:support-core-utils:25.1.0] AndroidManifest.xml:25:5-20
MERGED from [com.android.support:support-compat:25.1.0] AndroidManifest.xml:25:5-20
MERGED from [com.android.support:support-core-ui:25.1.0] AndroidManifest.xml:25:5-20
MERGED from [com.android.support:support-compat:25.1.0] AndroidManifest.xml:25:5-20
MERGED from [com.android.support:support-fragment:25.1.0] AndroidManifest.xml:25:5-20
MERGED from [com.android.support:support-compat:25.1.0] AndroidManifest.xml:25:5-20
MERGED from [com.android.support:support-media-compat:25.1.0] AndroidManifest.xml:25:5-20
MERGED from [com.android.support:support-compat:25.1.0] AndroidManifest.xml:25:5-20
MERGED from [com.android.support:support-core-ui:25.1.0] AndroidManifest.xml:25:5-20
MERGED from [com.android.support:support-compat:25.1.0] AndroidManifest.xml:25:5-20
MERGED from [com.android.support:support-core-utils:25.1.0] AndroidManifest.xml:25:5-20
MERGED from [com.android.support:support-compat:25.1.0] AndroidManifest.xml:25:5-20
MERGED from [com.efrobot.library.urlconfig:urlconfig:0.0.34] AndroidManifest.xml:14:5-15:19
MERGED from [com.efrobot.library.urlconfig:urlconfig:0.0.34] AndroidManifest.xml:14:5-15:19
	android:label
		ADDED from src\main\AndroidManifest.xml:21:50-82
	android:supportsRtl
		ADDED from [com.efrobot.library:framework:1.0.87] AndroidManifest.xml:14:9-35
	android:icon
		ADDED from src\main\AndroidManifest.xml:21:18-49
	android:allowBackup
		ADDED from [com.efrobot.library:framework:1.0.87] AndroidManifest.xml:12:9-35
	android:banner
		ADDED from src\main\AndroidManifest.xml:21:105-142
	android:isGame
		ADDED from src\main\AndroidManifest.xml:21:83-104
	android:name
		ADDED from src\main\AndroidManifest.xml:21:143-175
activity#com.jhz.luckyboyunity.UnityPlayerActivity
ADDED from src\main\AndroidManifest.xml:22:5-29:16
	android:screenOrientation
		ADDED from src\main\AndroidManifest.xml:22:89-125
	android:label
		ADDED from src\main\AndroidManifest.xml:22:56-88
	android:launchMode
		ADDED from src\main\AndroidManifest.xml:22:126-157
	android:configChanges
		ADDED from src\main\AndroidManifest.xml:22:158-339
	android:theme
		ADDED from src\main\AndroidManifest.xml:22:16-55
	android:name
		ADDED from src\main\AndroidManifest.xml:22:340-396
intent-filter#android.intent.action.MAIN+android.intent.category.LAUNCHER+android.intent.category.LEANBACK_LAUNCHER
ADDED from src\main\AndroidManifest.xml:23:7-27:23
action#android.intent.action.MAIN
ADDED from src\main\AndroidManifest.xml:24:9-61
	android:name
		ADDED from src\main\AndroidManifest.xml:24:17-58
category#android.intent.category.LAUNCHER
ADDED from src\main\AndroidManifest.xml:25:9-69
	android:name
		ADDED from src\main\AndroidManifest.xml:25:19-66
category#android.intent.category.LEANBACK_LAUNCHER
ADDED from src\main\AndroidManifest.xml:26:9-78
	android:name
		ADDED from src\main\AndroidManifest.xml:26:19-75
meta-data#unityplayer.UnityActivity
ADDED from src\main\AndroidManifest.xml:28:7-82
	android:value
		ADDED from src\main\AndroidManifest.xml:28:59-79
	android:name
		ADDED from src\main\AndroidManifest.xml:28:18-58
meta-data#unity.build-id
ADDED from src\main\AndroidManifest.xml:30:5-101
	android:value
		ADDED from src\main\AndroidManifest.xml:30:46-98
	android:name
		ADDED from src\main\AndroidManifest.xml:30:16-45
meta-data#unity.splash-mode
ADDED from src\main\AndroidManifest.xml:31:5-69
	android:value
		ADDED from src\main\AndroidManifest.xml:31:49-66
	android:name
		ADDED from src\main\AndroidManifest.xml:31:16-48
meta-data#unity.splash-enable
ADDED from src\main\AndroidManifest.xml:32:5-74
	android:value
		ADDED from src\main\AndroidManifest.xml:32:51-71
	android:name
		ADDED from src\main\AndroidManifest.xml:32:16-50
meta-data#android.max_aspect
ADDED from src\main\AndroidManifest.xml:33:5-72
	android:value
		ADDED from src\main\AndroidManifest.xml:33:50-69
	android:name
		ADDED from src\main\AndroidManifest.xml:33:16-49
uses-sdk
ADDED from src\main\AndroidManifest.xml:36:3-72
MERGED from [com.android.support:appcompat-v7:25.1.0] AndroidManifest.xml:21:5-23:78
MERGED from [com.android.support:support-v4:25.1.0] AndroidManifest.xml:21:5-23:54
MERGED from [com.android.support:support-compat:25.1.0] AndroidManifest.xml:21:5-23:58
MERGED from [com.android.support:support-media-compat:25.1.0] AndroidManifest.xml:21:5-23:63
MERGED from [com.android.support:support-compat:25.1.0] AndroidManifest.xml:21:5-23:58
MERGED from [com.android.support:support-core-utils:25.1.0] AndroidManifest.xml:21:5-23:61
MERGED from [com.android.support:support-compat:25.1.0] AndroidManifest.xml:21:5-23:58
MERGED from [com.android.support:support-core-ui:25.1.0] AndroidManifest.xml:21:5-23:58
MERGED from [com.android.support:support-compat:25.1.0] AndroidManifest.xml:21:5-23:58
MERGED from [com.android.support:support-fragment:25.1.0] AndroidManifest.xml:21:5-23:60
MERGED from [com.android.support:support-compat:25.1.0] AndroidManifest.xml:21:5-23:58
MERGED from [com.android.support:support-media-compat:25.1.0] AndroidManifest.xml:21:5-23:63
MERGED from [com.android.support:support-compat:25.1.0] AndroidManifest.xml:21:5-23:58
MERGED from [com.android.support:support-core-ui:25.1.0] AndroidManifest.xml:21:5-23:58
MERGED from [com.android.support:support-compat:25.1.0] AndroidManifest.xml:21:5-23:58
MERGED from [com.android.support:support-core-utils:25.1.0] AndroidManifest.xml:21:5-23:61
MERGED from [com.android.support:support-compat:25.1.0] AndroidManifest.xml:21:5-23:58
MERGED from [com.android.support:support-vector-drawable:25.1.0] AndroidManifest.xml:21:5-43
MERGED from [com.android.support:support-compat:25.1.0] AndroidManifest.xml:21:5-23:58
MERGED from [com.android.support:animated-vector-drawable:25.1.0] AndroidManifest.xml:20:5-44
MERGED from [com.android.support:support-vector-drawable:25.1.0] AndroidManifest.xml:21:5-43
MERGED from [com.android.support:support-compat:25.1.0] AndroidManifest.xml:21:5-23:58
MERGED from [com.efrobot.library:framework:1.0.87] AndroidManifest.xml:7:5-9:41
MERGED from [com.efrobot.library.net:mvpnetlibrary:3.1.1] AndroidManifest.xml:7:5-9:41
MERGED from [com.efrobot.library.mvp:mvplibrary:0.0.17] AndroidManifest.xml:7:5-9:41
MERGED from [com.android.support:support-v4:25.1.0] AndroidManifest.xml:21:5-23:54
MERGED from [com.android.support:support-compat:25.1.0] AndroidManifest.xml:21:5-23:58
MERGED from [com.android.support:support-media-compat:25.1.0] AndroidManifest.xml:21:5-23:63
MERGED from [com.android.support:support-compat:25.1.0] AndroidManifest.xml:21:5-23:58
MERGED from [com.android.support:support-core-utils:25.1.0] AndroidManifest.xml:21:5-23:61
MERGED from [com.android.support:support-compat:25.1.0] AndroidManifest.xml:21:5-23:58
MERGED from [com.android.support:support-core-ui:25.1.0] AndroidManifest.xml:21:5-23:58
MERGED from [com.android.support:support-compat:25.1.0] AndroidManifest.xml:21:5-23:58
MERGED from [com.android.support:support-fragment:25.1.0] AndroidManifest.xml:21:5-23:60
MERGED from [com.android.support:support-compat:25.1.0] AndroidManifest.xml:21:5-23:58
MERGED from [com.android.support:support-media-compat:25.1.0] AndroidManifest.xml:21:5-23:63
MERGED from [com.android.support:support-compat:25.1.0] AndroidManifest.xml:21:5-23:58
MERGED from [com.android.support:support-core-ui:25.1.0] AndroidManifest.xml:21:5-23:58
MERGED from [com.android.support:support-compat:25.1.0] AndroidManifest.xml:21:5-23:58
MERGED from [com.android.support:support-core-utils:25.1.0] AndroidManifest.xml:21:5-23:61
MERGED from [com.android.support:support-compat:25.1.0] AndroidManifest.xml:21:5-23:58
MERGED from [com.efrobot.library.urlconfig:urlconfig:0.0.34] AndroidManifest.xml:7:5-9:41
MERGED from [com.efrobot.library.urlconfig:urlconfig:0.0.34] AndroidManifest.xml:7:5-9:41
MERGED from [:claw-game-sdk-framework:] AndroidManifest.xml:7:5-9:41
	tools:overrideLibrary
		ADDED from [com.android.support:appcompat-v7:25.1.0] AndroidManifest.xml:23:9-75
	android:targetSdkVersion
		ADDED from src\main\AndroidManifest.xml:36:40-69
		INJECTED from src\main\AndroidManifest.xml
		INJECTED from src\main\AndroidManifest.xml
	android:minSdkVersion
		ADDED from src\main\AndroidManifest.xml:36:13-39
		INJECTED from src\main\AndroidManifest.xml
		INJECTED from src\main\AndroidManifest.xml
uses-feature#0x00020000
ADDED from src\main\AndroidManifest.xml:37:3-52
	android:glEsVersion
		ADDED from src\main\AndroidManifest.xml:37:17-49
uses-feature#android.hardware.sensor.accelerometer
ADDED from src\main\AndroidManifest.xml:38:3-97
	android:required
		ADDED from src\main\AndroidManifest.xml:38:70-94
	android:name
		ADDED from src\main\AndroidManifest.xml:38:17-69
uses-feature#android.hardware.touchscreen
ADDED from src\main\AndroidManifest.xml:39:3-88
	android:required
		ADDED from src\main\AndroidManifest.xml:39:61-85
	android:name
		ADDED from src\main\AndroidManifest.xml:39:17-60
uses-feature#android.hardware.touchscreen.multitouch
ADDED from src\main\AndroidManifest.xml:40:3-99
	android:required
		ADDED from src\main\AndroidManifest.xml:40:72-96
	android:name
		ADDED from src\main\AndroidManifest.xml:40:17-71
uses-feature#android.hardware.touchscreen.multitouch.distinct
ADDED from src\main\AndroidManifest.xml:41:3-108
	android:required
		ADDED from src\main\AndroidManifest.xml:41:81-105
	android:name
		ADDED from src\main\AndroidManifest.xml:41:17-80
uses-permission#android.permission.WAKE_LOCK
ADDED from [com.efrobot.library.urlconfig:urlconfig:0.0.34] AndroidManifest.xml:12:5-68
MERGED from [com.efrobot.library.urlconfig:urlconfig:0.0.34] AndroidManifest.xml:12:5-68
	android:name
		ADDED from [com.efrobot.library.urlconfig:urlconfig:0.0.34] AndroidManifest.xml:12:22-65